<?xml version="1.0" encoding="UTF-8"?>
<robot generator="Robot 3.0.2 (Python 3.6.1 on win32)" generated="20170523 12:43:45.184">
<suite id="s1" name="Test" source="C:\test_pre_study\test_pre_study\code\tests\test.robot">
<test id="s1-t1" name="My Test case">
<kw name="Write Storage Point Value" library="StorageLibrary">
<arguments>
<arg>0</arg>
<arg>${VAR}</arg>
</arguments>
<status status="PASS" starttime="20170523 12:44:06.823" endtime="20170523 12:44:27.828"></status>
</kw>
<kw name="Read Storage Point Value" library="StorageLibrary">
<arguments>
<arg>0</arg>
</arguments>
<assign>
<var>${V1}</var>
</assign>
<msg timestamp="20170523 12:44:27.831" level="INFO">${V1} = 25</msg>
<status status="PASS" starttime="20170523 12:44:27.829" endtime="20170523 12:44:27.831"></status>
</kw>
<kw name="Should Be Equal" library="BuiltIn">
<doc>Fails if the given objects are unequal.</doc>
<arguments>
<arg>${V1}</arg>
<arg>${VAR}</arg>
</arguments>
<status status="PASS" starttime="20170523 12:44:27.833" endtime="20170523 12:44:27.834"></status>
</kw>
<status status="PASS" starttime="20170523 12:44:06.821" endtime="20170523 12:44:27.835" critical="yes"></status>
</test>
<test id="s1-t2" name="Test write and read">
<kw name="Verify Write And Read" library="StorageLibrary">
<arguments>
<arg>1</arg>
<arg>uusi arvo</arg>
</arguments>
<status status="PASS" starttime="20170523 12:44:27.842" endtime="20170523 12:44:48.857"></status>
</kw>
<status status="PASS" starttime="20170523 12:44:27.840" endtime="20170523 12:44:48.858" critical="yes"></status>
</test>
<status status="PASS" starttime="20170523 12:43:45.189" endtime="20170523 12:44:48.864"></status>
</suite>
<statistics>
<total>
<stat pass="2" fail="0">Critical Tests</stat>
<stat pass="2" fail="0">All Tests</stat>
</total>
<tag>
</tag>
<suite>
<stat pass="2" fail="0" id="s1" name="Test">Test</stat>
</suite>
</statistics>
<errors>
</errors>
</robot>
